<?xml version="1.0" encoding="UTF-8"?>
<testsuite name="Test Case 1"
           tests="14"
           failures="1"
           errors="0"
           skipped="12"
           time="35.632">
  <properties />
            <testcase name="TaoTicket" time="1.753" classname="RunTestCase.WorkFlow1">
                <failure type="org.openqa.selenium.StaleElementReferenceException"
                  message="stale element reference: stale element not found
  (Session info: chrome=122.0.6261.129)
For documentation on this error, please visit: https://www.selenium.dev/documentation/webdriver/troubleshooting/errors#stale-element-reference-exception
Build info: version: &apos;4.18.1&apos;, revision: &apos;b1d3319b48&apos;
System info: os.name: &apos;Windows 10&apos;, os.arch: &apos;amd64&apos;, os.version: &apos;10.0&apos;, java.version: &apos;15.0.2&apos;
Driver info: org.openqa.selenium.chrome.ChromeDriver
Command: [811bc53ad255205b60d7db92ab42d85b, clickElement {id=f.3F226AB7C76378BD6E216E0FD50A0474.d.B073381F61852C135F3F3B460E425F46.e.66}]
Capabilities {acceptInsecureCerts: false, browserName: chrome, browserVersion: 122.0.6261.129, chrome: {chromedriverVersion: 122.0.6261.128 (f18a44fedeb..., userDataDir: C:\Users\nhokt\AppData\Loca...}, fedcm:accounts: true, goog:chromeOptions: {debuggerAddress: localhost:53580}, networkConnectionEnabled: false, pageLoadStrategy: normal, platformName: windows, proxy: Proxy(), se:cdp: ws://localhost:53580/devtoo..., se:cdpVersion: 122.0.6261.129, setWindowRect: true, strictFileInteractability: false, timeouts: {implicit: 0, pageLoad: 300000, script: 30000}, unhandledPromptBehavior: dismiss and notify, webauthn:extension:credBlob: true, webauthn:extension:largeBlob: true, webauthn:extension:minPinLength: true, webauthn:extension:prf: true, webauthn:virtualAuthenticators: true}
Element: [[ChromeDriver: chrome on windows (811bc53ad255205b60d7db92ab42d85b)] -&gt; xpath: //a[@href=&apos;/ticket-manager&apos;]]
Session ID: 811bc53ad255205b60d7db92ab42d85b"
              >
<![CDATA[org.openqa.selenium.StaleElementReferenceException: stale element reference: stale element not found
  (Session info: chrome=122.0.6261.129)
For documentation on this error, please visit: https://www.selenium.dev/documentation/webdriver/troubleshooting/errors#stale-element-reference-exception
Build info: version: '4.18.1', revision: 'b1d3319b48'
System info: os.name: 'Windows 10', os.arch: 'amd64', os.version: '10.0', java.version: '15.0.2'
Driver info: org.openqa.selenium.chrome.ChromeDriver
Command: [811bc53ad255205b60d7db92ab42d85b, clickElement {id=f.3F226AB7C76378BD6E216E0FD50A0474.d.B073381F61852C135F3F3B460E425F46.e.66}]
Capabilities {acceptInsecureCerts: false, browserName: chrome, browserVersion: 122.0.6261.129, chrome: {chromedriverVersion: 122.0.6261.128 (f18a44fedeb..., userDataDir: C:\Users\nhokt\AppData\Loca...}, fedcm:accounts: true, goog:chromeOptions: {debuggerAddress: localhost:53580}, networkConnectionEnabled: false, pageLoadStrategy: normal, platformName: windows, proxy: Proxy(), se:cdp: ws://localhost:53580/devtoo..., se:cdpVersion: 122.0.6261.129, setWindowRect: true, strictFileInteractability: false, timeouts: {implicit: 0, pageLoad: 300000, script: 30000}, unhandledPromptBehavior: dismiss and notify, webauthn:extension:credBlob: true, webauthn:extension:largeBlob: true, webauthn:extension:minPinLength: true, webauthn:extension:prf: true, webauthn:virtualAuthenticators: true}
Element: [[ChromeDriver: chrome on windows (811bc53ad255205b60d7db92ab42d85b)] -> xpath: //a[@href='/ticket-manager']]
Session ID: 811bc53ad255205b60d7db92ab42d85b
  java.base/jdk.internal.reflect.NativeConstructorAccessorImpl.newInstance0(Native Method)
  java.base/jdk.internal.reflect.NativeConstructorAccessorImpl.newInstance(NativeConstructorAccessorImpl.java:64)
  java.base/jdk.internal.reflect.DelegatingConstructorAccessorImpl.newInstance(DelegatingConstructorAccessorImpl.java:45)
  java.base/java.lang.reflect.Constructor.newInstanceWithCaller(Constructor.java:500)
  java.base/java.lang.reflect.Constructor.newInstance(Constructor.java:481)
  org.openqa.selenium.remote.ErrorCodec.decode(ErrorCodec.java:167)
  org.openqa.selenium.remote.codec.w3c.W3CHttpResponseCodec.decode(W3CHttpResponseCodec.java:138)
  org.openqa.selenium.remote.codec.w3c.W3CHttpResponseCodec.decode(W3CHttpResponseCodec.java:50)
  org.openqa.selenium.remote.HttpCommandExecutor.execute(HttpCommandExecutor.java:190)
  org.openqa.selenium.remote.service.DriverCommandExecutor.invokeExecute(DriverCommandExecutor.java:216)
  org.openqa.selenium.remote.service.DriverCommandExecutor.execute(DriverCommandExecutor.java:174)
  org.openqa.selenium.remote.RemoteWebDriver.execute(RemoteWebDriver.java:519)
  org.openqa.selenium.remote.RemoteWebElement.execute(RemoteWebElement.java:223)
  org.openqa.selenium.remote.RemoteWebElement.click(RemoteWebElement.java:76)
  utils.TestUtils.clickElement(TestUtils.java:19)
  CSKH.TestCSKH.createTicketTest(TestCSKH.java:38)
  RunTestCase.WorkFlow1.TaoTicket(WorkFlow1.java:54)
  java.base/jdk.internal.reflect.NativeMethodAccessorImpl.invoke0(Native Method)
  java.base/jdk.internal.reflect.NativeMethodAccessorImpl.invoke(NativeMethodAccessorImpl.java:64)
  java.base/jdk.internal.reflect.DelegatingMethodAccessorImpl.invoke(DelegatingMethodAccessorImpl.java:43)
  java.base/java.lang.reflect.Method.invoke(Method.java:564)
  org.testng.internal.MethodInvocationHelper.invokeMethod(MethodInvocationHelper.java:134)
  org.testng.internal.TestInvoker.invokeMethod(TestInvoker.java:597)
  org.testng.internal.TestInvoker.invokeTestMethod(TestInvoker.java:173)
  org.testng.internal.MethodRunner.runInSequence(MethodRunner.java:46)
  org.testng.internal.TestInvoker$MethodInvocationAgent.invoke(TestInvoker.java:816)
  org.testng.internal.TestInvoker.invokeTestMethods(TestInvoker.java:146)
  org.testng.internal.TestMethodWorker.invokeTestMethods(TestMethodWorker.java:146)
  org.testng.internal.TestMethodWorker.run(TestMethodWorker.java:128)
  java.base/java.util.ArrayList.forEach(ArrayList.java:1511)
  org.testng.TestRunner.privateRun(TestRunner.java:766)
  org.testng.TestRunner.run(TestRunner.java:587)
  org.testng.SuiteRunner.runTest(SuiteRunner.java:384)
  org.testng.SuiteRunner.runSequentially(SuiteRunner.java:378)
  org.testng.SuiteRunner.privateRun(SuiteRunner.java:337)
  org.testng.SuiteRunner.run(SuiteRunner.java:286)
  org.testng.SuiteRunnerWorker.runSuite(SuiteRunnerWorker.java:53)
  org.testng.SuiteRunnerWorker.run(SuiteRunnerWorker.java:96)
  org.testng.TestNG.runSuitesSequentially(TestNG.java:1187)
  org.testng.TestNG.runSuitesLocally(TestNG.java:1109)
  org.testng.TestNG.runSuites(TestNG.java:1039)
  org.testng.TestNG.run(TestNG.java:1007)
  com.intellij.rt.testng.IDEARemoteTestNG.run(IDEARemoteTestNG.java:65)
  com.intellij.rt.testng.RemoteTestNGStarter.main(RemoteTestNGStarter.java:105)
]]>
      </failure>

          </testcase>
  
            <testcase name="DangXuatTruongPhongDien" time="0.0" classname="RunTestCase.WorkFlow1">
          <skipped />
    </testcase>
            <testcase name="DangXuatTruongPhongDienLan2" time="0.0" classname="RunTestCase.WorkFlow1">
          <skipped />
    </testcase>
            <testcase name="DangXuat" time="0.0" classname="RunTestCase.WorkFlow1">
          <skipped />
    </testcase>
            <testcase name="XuLyTicket" time="0.0" classname="RunTestCase.WorkFlow1">
          <skipped />
    </testcase>
            <testcase name="DangNhapCSKHLan2" time="0.0" classname="RunTestCase.WorkFlow1">
          <skipped />
    </testcase>
            <testcase name="ChuyenTicketChoNhanVien" time="0.0" classname="RunTestCase.WorkFlow1">
          <skipped />
    </testcase>
            <testcase name="DuyetTicketTraVe" time="0.0" classname="RunTestCase.WorkFlow1">
          <skipped />
    </testcase>
            <testcase name="DangNhapTruongPhongDienLan2" time="0.0" classname="RunTestCase.WorkFlow1">
          <skipped />
    </testcase>
            <testcase name="XuLyTicketNhanVienTraVe" time="0.0" classname="RunTestCase.WorkFlow1">
          <skipped />
    </testcase>
            <testcase name="DangNhapNhanVienDien" time="0.0" classname="RunTestCase.WorkFlow1">
          <skipped />
    </testcase>
            <testcase name="DangNhapTruongPhongDien" time="0.0" classname="RunTestCase.WorkFlow1">
          <skipped />
    </testcase>
            <testcase name="DangXuatNhanVienDien" time="0.0" classname="RunTestCase.WorkFlow1">
          <skipped />
    </testcase>
  
            <testcase name="DangNhapCSKH" time="33.877" classname="RunTestCase.WorkFlow1" />
      
</testsuite>
